  Kursavay.cpp
C:\Users\Maibenben\Desktop\Kursavay\Kursavay.cpp(85,32): warning C4244: аргумент: преобразование "int" в "float", возможна потеря данных
C:\Users\Maibenben\Desktop\Kursavay\Kursavay.cpp(85,23): warning C4244: аргумент: преобразование "int" в "float", возможна потеря данных
C:\Users\Maibenben\Desktop\Kursavay\Kursavay.cpp(87,37): warning C4244: +=: преобразование "float" в "int", возможна потеря данных
C:\Users\Maibenben\Desktop\Kursavay\Kursavay.cpp(147,36): warning C4244: аргумент: преобразование "int" в "float", возможна потеря данных
C:\Users\Maibenben\Desktop\Kursavay\Kursavay.cpp(148,36): warning C4244: аргумент: преобразование "int" в "float", возможна потеря данных
C:\Users\Maibenben\Desktop\Kursavay\Kursavay.cpp(197,15): warning C4244: аргумент: преобразование "time_t" в "unsigned int", возможна потеря данных
C:\Users\Maibenben\Desktop\Kursavay\Kursavay.cpp(204,30): warning C4305: аргумент: усечение из "double" в "float"
C:\Users\Maibenben\Desktop\Kursavay\Kursavay.cpp(235,84): warning C4244: аргумент: преобразование "T" в "T", возможна потеря данных
          with
          [
              T=int
          ]
          and
          [
              T=float
          ]
C:\Users\Maibenben\Desktop\Kursavay\Kursavay.cpp(235,77): warning C4244: аргумент: преобразование "T" в "T", возможна потеря данных
          with
          [
              T=int
          ]
          and
          [
              T=float
          ]
C:\Users\Maibenben\Desktop\Kursavay\Kursavay.cpp(243,79): warning C4244: аргумент: преобразование "T" в "T", возможна потеря данных
          with
          [
              T=int
          ]
          and
          [
              T=float
          ]
C:\Users\Maibenben\Desktop\Kursavay\Kursavay.cpp(243,72): warning C4244: аргумент: преобразование "T" в "T", возможна потеря данных
          with
          [
              T=int
          ]
          and
          [
              T=float
          ]
C:\Users\Maibenben\Desktop\Kursavay\Kursavay.cpp(263,78): warning C4244: аргумент: преобразование "T" в "T", возможна потеря данных
          with
          [
              T=int
          ]
          and
          [
              T=float
          ]
C:\Users\Maibenben\Desktop\Kursavay\Kursavay.cpp(263,71): warning C4244: аргумент: преобразование "T" в "T", возможна потеря данных
          with
          [
              T=int
          ]
          and
          [
              T=float
          ]
C:\Users\Maibenben\Desktop\Kursavay\Kursavay.cpp(270,80): warning C4244: аргумент: преобразование "T" в "T", возможна потеря данных
          with
          [
              T=int
          ]
          and
          [
              T=float
          ]
C:\Users\Maibenben\Desktop\Kursavay\Kursavay.cpp(270,73): warning C4244: аргумент: преобразование "T" в "T", возможна потеря данных
          with
          [
              T=int
          ]
          and
          [
              T=float
          ]
C:\Users\Maibenben\Desktop\Kursavay\Kursavay.cpp(326,58): warning C4244: аргумент: преобразование "int" в "float", возможна потеря данных
C:\Users\Maibenben\Desktop\Kursavay\Kursavay.cpp(326,46): warning C4244: аргумент: преобразование "int" в "float", возможна потеря данных
  Kursavay.vcxproj -> C:\Users\Maibenben\Desktop\Kursavay\x64\Debug\Kursavay.exe
